info it worked if it ends with ok
verbose cli [ 'node', '/usr/local/bin/npm', 'install' ]
info using npm@1.0.106
info using node@v0.6.6
verbose config file /home/calvin/.npmrc
verbose config file /usr/local/etc/npmrc
verbose config file /usr/local/lib/node_modules/npm/npmrc
silly testEngine { name: 'leaflet-pouch',
silly testEngine   version: '0.0.1',
silly testEngine   dependencies: { 'coffee-script': '1.x', 'uglify-js': '>= 0.0.1' },
silly testEngine   _id: 'leaflet-pouch@0.0.1',
silly testEngine   devDependencies: {},
silly testEngine   engines: { node: '*' },
silly testEngine   _engineSupported: true,
silly testEngine   _npmVersion: '1.0.106',
silly testEngine   _nodeVersion: 'v0.6.6',
silly testEngine   _defaultsLoaded: true,
silly testEngine   scripts: {} }
verbose caching /home/calvin/leaflet.pouch/package.json
verbose loadDefaults leaflet-pouch@0.0.1
verbose where, deps [ '/home/calvin/leaflet.pouch',
verbose where, deps   [ 'coffee-script', 'uglify-js' ] ]
verbose from cache /home/calvin/leaflet.pouch/package.json
info preinstall leaflet-pouch@0.0.1
verbose from cache /home/calvin/leaflet.pouch/package.json
verbose into /home/calvin/leaflet.pouch [ 'coffee-script@1.x', 'uglify-js@>= 0.0.1' ]
verbose cache add coffee-script@1.x
verbose cache add [ 'coffee-script@1.x', null ]
silly cache add: name, spec, args [ undefined, 'coffee-script@1.x', [ 'coffee-script@1.x', null ] ]
verbose parsed url { pathname: 'coffee-script@1.x',
verbose parsed url   path: 'coffee-script@1.x',
verbose parsed url   href: 'coffee-script@1.x' }
silly cache add: name, spec, args [ 'coffee-script', '1.x', [ 'coffee-script', '1.x' ] ]
verbose parsed url { pathname: '1.x', path: '1.x', href: '1.x' }
info addNamed [ 'coffee-script', '1.x' ]
verbose addNamed [ null, '>=1.0.0- <2.0.0-' ]
verbose cache add uglify-js@>= 0.0.1
verbose cache add [ 'uglify-js@>= 0.0.1', null ]
silly cache add: name, spec, args [ undefined,
silly cache add: name, spec, args   'uglify-js@>= 0.0.1',
silly cache add: name, spec, args   [ 'uglify-js@>= 0.0.1', null ] ]
verbose parsed url { pathname: 'uglify-js@',
verbose parsed url   path: 'uglify-js@',
verbose parsed url   href: 'uglify-js@' }
silly cache add: name, spec, args [ 'uglify-js', '>= 0.0.1', [ 'uglify-js', '>= 0.0.1' ] ]
verbose parsed url { pathname: '=', path: '=', href: '=' }
info addNamed [ 'uglify-js', '>= 0.0.1' ]
verbose addNamed [ null, '>=0.0.1' ]
verbose GET coffee-script
verbose raw, before any munging coffee-script
verbose url resolving [ 'https://registry.npmjs.org/', './coffee-script' ]
verbose url resolved https://registry.npmjs.org/coffee-script
verbose etag "EPD9J98ZYH3G2WOECGRT73375"
verbose GET uglify-js
verbose raw, before any munging uglify-js
verbose url resolving [ 'https://registry.npmjs.org/', './uglify-js' ]
verbose url resolved https://registry.npmjs.org/uglify-js
verbose etag "62SX0AZ0XJI1B9Y76L0VSN0T3"
silly get cb [ 200,
silly get cb   { vary: 'Accept',
silly get cb     server: 'CouchDB/1.2.0 (Erlang OTP/R15B)',
silly get cb     etag: '"BSCKRRKR6Y5GYAYRSMRVJKV1C"',
silly get cb     date: 'Sat, 24 Nov 2012 17:48:35 GMT',
silly get cb     'content-type': 'application/json',
silly get cb     'content-length': '21222' } ]
silly get cb [ 200,
silly get cb   { vary: 'Accept',
silly get cb     server: 'CouchDB/1.2.0 (Erlang OTP/R15B)',
silly get cb     etag: '"6I0EXSHFRXX2W2YU6RMYKMX0K"',
silly get cb     date: 'Sat, 24 Nov 2012 17:48:35 GMT',
silly get cb     'content-type': 'application/json',
silly get cb     'content-length': '111019' } ]
verbose GET coffee-script/1.4.0
verbose raw, before any munging coffee-script/1.4.0
verbose url resolving [ 'https://registry.npmjs.org/', './coffee-script/1.4.0' ]
verbose url resolved https://registry.npmjs.org/coffee-script/1.4.0
verbose etag "EPD9J98ZYH3G2WOECGRT73375"
verbose GET uglify-js/2.2.1
verbose raw, before any munging uglify-js/2.2.1
verbose url resolving [ 'https://registry.npmjs.org/', './uglify-js/2.2.1' ]
verbose url resolved https://registry.npmjs.org/uglify-js/2.2.1
silly get cb [ 200,
silly get cb   { vary: 'Accept',
silly get cb     server: 'CouchDB/1.2.0 (Erlang OTP/R15B)',
silly get cb     etag: '"BSCKRRKR6Y5GYAYRSMRVJKV1C"',
silly get cb     date: 'Sat, 24 Nov 2012 17:48:36 GMT',
silly get cb     'content-type': 'application/json',
silly get cb     'content-length': '2980' } ]
silly get cb [ 200,
silly get cb   { vary: 'Accept',
silly get cb     server: 'CouchDB/1.2.0 (Erlang OTP/R15B)',
silly get cb     etag: '"6I0EXSHFRXX2W2YU6RMYKMX0K"',
silly get cb     date: 'Sat, 24 Nov 2012 17:48:36 GMT',
silly get cb     'content-type': 'application/json',
silly get cb     'content-length': '23407' } ]
verbose bin dist [ '0.6-ares1.7.5-DEV-evundefined-openssl1.0.1-v83.6.6.14-linux-x64-3.5.0-18-generic',
verbose bin dist   { shasum: '5e3bc8aac26c01a8e27bf107722c5655f5ad7d36',
verbose bin dist     tarball: 'http://registry.npmjs.org/coffee-script/-/coffee-script-1.4.0.tgz' } ]
verbose addRemoteTarball [ 'https://registry.npmjs.org/coffee-script/-/coffee-script-1.4.0.tgz',
verbose addRemoteTarball   '5e3bc8aac26c01a8e27bf107722c5655f5ad7d36' ]
verbose mkdir (expected) error ENOENT, no such file or directory '/tmp/npm-1353779350195'
verbose mkdir (expected) error ENOENT, no such file or directory '/home/calvin/.npm/uglify-js/2.2.1'
verbose mkdir (expected) error ENOENT, no such file or directory '/tmp/npm-1353779350195/1353779350196-0.48247203533537686'
verbose mkdir done: /tmp/npm-1353779350195/1353779350196-0.48247203533537686 755
info fetch https://registry.npmjs.org/coffee-script/-/coffee-script-1.4.0.tgz
verbose fetch to /tmp/npm-1353779350195/1353779350196-0.48247203533537686/tmp.tgz
verbose mkdir done: /home/calvin/.npm/uglify-js/2.2.1 755
verbose bin dist [ '0.6-ares1.7.5-DEV-evundefined-openssl1.0.1-v83.6.6.14-linux-x64-3.5.0-18-generic',
verbose bin dist   { shasum: 'c47e5f0ac40ea8cd951584d7cb08251085a02ea0',
verbose bin dist     tarball: 'http://registry.npmjs.org/uglify-js/-/uglify-js-2.2.1.tgz' } ]
verbose addRemoteTarball [ 'https://registry.npmjs.org/uglify-js/-/uglify-js-2.2.1.tgz',
verbose addRemoteTarball   'c47e5f0ac40ea8cd951584d7cb08251085a02ea0' ]
verbose mkdir (expected) error ENOENT, no such file or directory '/tmp/npm-1353779350195/1353779350318-0.8238056332338601'
verbose mkdir done: /tmp/npm-1353779350195/1353779350318-0.8238056332338601 755
info fetch https://registry.npmjs.org/uglify-js/-/uglify-js-2.2.1.tgz
verbose fetch to /tmp/npm-1353779350195/1353779350318-0.8238056332338601/tmp.tgz
silly updated sha bytes 40960
silly updated sha bytes 27314
info shasum 5e3bc8aac26c01a8e27bf107722c5655f5ad7d36
info shasum /tmp/npm-1353779350195/1353779350196-0.48247203533537686/tmp.tgz
verbose mkdir (expected) error ENOENT, no such file or directory '/tmp/npm-1353779350195/1353779350196-0.48247203533537686/contents'
silly updated sha bytes 40960
silly updated sha bytes 27371
verbose mkdir (expected) error ENOENT, no such file or directory '/tmp/npm-1353779350195/1353779350196-0.48247203533537686/contents/___package.npm'
info shasum c47e5f0ac40ea8cd951584d7cb08251085a02ea0
info shasum /tmp/npm-1353779350195/1353779350318-0.8238056332338601/tmp.tgz
verbose mkdir done: /tmp/npm-1353779350195/1353779350196-0.48247203533537686/contents/___package.npm 755
verbose unpack_ uid, gid [ undefined, undefined ]
verbose unpackTarget /tmp/npm-1353779350195/1353779350196-0.48247203533537686/contents/package
silly gunzTarPerm modes [ '755', '644' ]
silly spawning [ 'tar',
silly spawning   [ '-zmvxpf',
silly spawning     '/tmp/npm-1353779350195/1353779350196-0.48247203533537686/tmp.tgz' ],
silly spawning   '/tmp/npm-1353779350195/1353779350196-0.48247203533537686/contents/___package.npm' ]
verbose mkdir (expected) error ENOENT, no such file or directory '/tmp/npm-1353779350195/1353779350318-0.8238056332338601/contents'
verbose mkdir (expected) error ENOENT, no such file or directory '/tmp/npm-1353779350195/1353779350318-0.8238056332338601/contents/___package.npm'
verbose mkdir done: /tmp/npm-1353779350195/1353779350318-0.8238056332338601/contents/___package.npm 755
verbose unpack_ uid, gid [ undefined, undefined ]
verbose unpackTarget /tmp/npm-1353779350195/1353779350318-0.8238056332338601/contents/package
silly gunzTarPerm modes [ '755', '644' ]
silly spawning [ 'tar',
silly spawning   [ '-zmvxpf',
silly spawning     '/tmp/npm-1353779350195/1353779350318-0.8238056332338601/tmp.tgz' ],
silly spawning   '/tmp/npm-1353779350195/1353779350318-0.8238056332338601/contents/___package.npm' ]
silly tar out package/package.json
silly tar out package/.npmignore
silly tar out package/README
silly tar out package/LICENSE
silly tar out package/bin/cake
silly tar out package/bin/coffee
silly tar out package/CNAME
silly tar out package/CONTRIBUTING.md
silly tar out package/extras/jsl.conf
silly tar out package/lib/coffee-script/browser.js
silly tar out package/lib/coffee-script/command.js
silly tar out package/lib/coffee-script/grammar.js
silly tar out package/lib/coffee-script/helpers.js
silly tar out package/lib/coffee-script/index.js
silly tar out package/lib/coffee-script/coffee-script.js
silly tar out package/lib/coffee-script/nodes.js
silly tar out package/lib/coffee-script/optparse.js
silly tar out package/lib/coffee-script/parser.js
silly tar out package/package.json
silly tar out package/.npmignore
silly tar out package/README.md
silly tar out package/bin/uglifyjs
silly tar out package/lib/coffee-script/repl.js
silly tar out package/lib/coffee-script/rewriter.js
silly tar out package/lib/coffee-script/cake.js
silly tar out package/lib/coffee-script/scope.js
silly tar out package/lib/coffee-script/lexer.js
silly tar out package/Rakefile
silly tar out package/tools/node.js
silly tar out package/test/run-tests.js
silly tar out package/test/compress/issue-12.js
silly tar out package/test/compress/properties.js
silly tar out package/test/compress/debugger.js
silly tar out package/test/compress/drop-unused.js
silly tar out package/test/compress/labels.js
silly tar out package/test/compress/blocks.js
silly tar out package/test/compress/loops.js
silly tar out package/test/compress/switch.js
silly tar out package/test/compress/dead-code.js
silly tar out package/test/compress/sequences.js
silly tar out package/test/compress/issue-22.js
silly tar out package/test/compress/conditionals.js
silly tar out package/test/compress/issue-44.js
silly tar out package/lib/output.js
silly tar out package/lib/parse.js
silly tar out package/lib/scope.js
silly tar out package/lib/transform.js
silly tar out package/lib/compress.js
silly tar out package/lib/mozilla-ast.js
silly tar out package/lib/ast.js
silly tar out package/lib/sourcemap.js
silly tar out package/lib/utils.js
silly tar exit 0
silly tar exit 0
silly asyncMap in gTP /tmp/npm-1353779350195/1353779350196-0.48247203533537686/contents/___package.npm/package
silly asyncMap in gTP /tmp/npm-1353779350195/1353779350196-0.48247203533537686/contents/___package.npm/package/LICENSE
silly asyncMap in gTP /tmp/npm-1353779350195/1353779350196-0.48247203533537686/contents/___package.npm/package/.npmignore
silly asyncMap in gTP /tmp/npm-1353779350195/1353779350196-0.48247203533537686/contents/___package.npm/package/CONTRIBUTING.md
silly asyncMap in gTP /tmp/npm-1353779350195/1353779350196-0.48247203533537686/contents/___package.npm/package/Rakefile
silly asyncMap in gTP /tmp/npm-1353779350195/1353779350196-0.48247203533537686/contents/___package.npm/package/CNAME
silly asyncMap in gTP /tmp/npm-1353779350195/1353779350196-0.48247203533537686/contents/___package.npm/package/package.json
silly asyncMap in gTP /tmp/npm-1353779350195/1353779350196-0.48247203533537686/contents/___package.npm/package/README
silly asyncMap in gTP /tmp/npm-1353779350195/1353779350196-0.48247203533537686/contents/___package.npm/package/bin
silly asyncMap in gTP /tmp/npm-1353779350195/1353779350196-0.48247203533537686/contents/___package.npm/package/bin/cake
silly asyncMap in gTP /tmp/npm-1353779350195/1353779350196-0.48247203533537686/contents/___package.npm/package/bin/coffee
silly asyncMap in gTP /tmp/npm-1353779350195/1353779350196-0.48247203533537686/contents/___package.npm/package/extras
silly asyncMap in gTP /tmp/npm-1353779350195/1353779350196-0.48247203533537686/contents/___package.npm/package/extras/jsl.conf
silly asyncMap in gTP /tmp/npm-1353779350195/1353779350196-0.48247203533537686/contents/___package.npm/package/lib
silly asyncMap in gTP /tmp/npm-1353779350195/1353779350196-0.48247203533537686/contents/___package.npm/package/lib/coffee-script
silly asyncMap in gTP /tmp/npm-1353779350195/1353779350196-0.48247203533537686/contents/___package.npm/package/lib/coffee-script/rewriter.js
silly asyncMap in gTP /tmp/npm-1353779350195/1353779350196-0.48247203533537686/contents/___package.npm/package/lib/coffee-script/nodes.js
silly asyncMap in gTP /tmp/npm-1353779350195/1353779350196-0.48247203533537686/contents/___package.npm/package/lib/coffee-script/coffee-script.js
silly asyncMap in gTP /tmp/npm-1353779350195/1353779350196-0.48247203533537686/contents/___package.npm/package/lib/coffee-script/browser.js
silly asyncMap in gTP /tmp/npm-1353779350195/1353779350196-0.48247203533537686/contents/___package.npm/package/lib/coffee-script/repl.js
silly asyncMap in gTP /tmp/npm-1353779350195/1353779350196-0.48247203533537686/contents/___package.npm/package/lib/coffee-script/grammar.js
silly asyncMap in gTP /tmp/npm-1353779350195/1353779350196-0.48247203533537686/contents/___package.npm/package/lib/coffee-script/lexer.js
silly asyncMap in gTP /tmp/npm-1353779350195/1353779350196-0.48247203533537686/contents/___package.npm/package/lib/coffee-script/parser.js
silly asyncMap in gTP /tmp/npm-1353779350195/1353779350196-0.48247203533537686/contents/___package.npm/package/lib/coffee-script/helpers.js
silly asyncMap in gTP /tmp/npm-1353779350195/1353779350196-0.48247203533537686/contents/___package.npm/package/lib/coffee-script/optparse.js
silly asyncMap in gTP /tmp/npm-1353779350195/1353779350196-0.48247203533537686/contents/___package.npm/package/lib/coffee-script/command.js
silly asyncMap in gTP /tmp/npm-1353779350195/1353779350196-0.48247203533537686/contents/___package.npm/package/lib/coffee-script/scope.js
silly asyncMap in gTP /tmp/npm-1353779350195/1353779350196-0.48247203533537686/contents/___package.npm/package/lib/coffee-script/cake.js
silly asyncMap in gTP /tmp/npm-1353779350195/1353779350196-0.48247203533537686/contents/___package.npm/package/lib/coffee-script/index.js
silly asyncMap in gTP /tmp/npm-1353779350195/1353779350318-0.8238056332338601/contents/___package.npm/package
silly asyncMap in gTP /tmp/npm-1353779350195/1353779350318-0.8238056332338601/contents/___package.npm/package/.npmignore
silly asyncMap in gTP /tmp/npm-1353779350195/1353779350318-0.8238056332338601/contents/___package.npm/package/README.md
silly asyncMap in gTP /tmp/npm-1353779350195/1353779350318-0.8238056332338601/contents/___package.npm/package/package.json
silly asyncMap in gTP /tmp/npm-1353779350195/1353779350318-0.8238056332338601/contents/___package.npm/package/bin
silly asyncMap in gTP /tmp/npm-1353779350195/1353779350318-0.8238056332338601/contents/___package.npm/package/bin/uglifyjs
silly asyncMap in gTP /tmp/npm-1353779350195/1353779350318-0.8238056332338601/contents/___package.npm/package/tools
silly asyncMap in gTP /tmp/npm-1353779350195/1353779350318-0.8238056332338601/contents/___package.npm/package/tools/node.js
silly asyncMap in gTP /tmp/npm-1353779350195/1353779350318-0.8238056332338601/contents/___package.npm/package/lib
silly asyncMap in gTP /tmp/npm-1353779350195/1353779350318-0.8238056332338601/contents/___package.npm/package/lib/mozilla-ast.js
silly asyncMap in gTP /tmp/npm-1353779350195/1353779350318-0.8238056332338601/contents/___package.npm/package/lib/utils.js
silly asyncMap in gTP /tmp/npm-1353779350195/1353779350318-0.8238056332338601/contents/___package.npm/package/lib/transform.js
silly asyncMap in gTP /tmp/npm-1353779350195/1353779350318-0.8238056332338601/contents/___package.npm/package/lib/compress.js
silly asyncMap in gTP /tmp/npm-1353779350195/1353779350318-0.8238056332338601/contents/___package.npm/package/lib/parse.js
silly asyncMap in gTP /tmp/npm-1353779350195/1353779350318-0.8238056332338601/contents/___package.npm/package/lib/output.js
silly asyncMap in gTP /tmp/npm-1353779350195/1353779350318-0.8238056332338601/contents/___package.npm/package/lib/ast.js
silly asyncMap in gTP /tmp/npm-1353779350195/1353779350318-0.8238056332338601/contents/___package.npm/package/lib/sourcemap.js
silly asyncMap in gTP /tmp/npm-1353779350195/1353779350318-0.8238056332338601/contents/___package.npm/package/lib/scope.js
silly asyncMap in gTP /tmp/npm-1353779350195/1353779350318-0.8238056332338601/contents/___package.npm/package/test
silly asyncMap in gTP /tmp/npm-1353779350195/1353779350318-0.8238056332338601/contents/___package.npm/package/test/run-tests.js
silly asyncMap in gTP /tmp/npm-1353779350195/1353779350318-0.8238056332338601/contents/___package.npm/package/test/compress
silly asyncMap in gTP /tmp/npm-1353779350195/1353779350318-0.8238056332338601/contents/___package.npm/package/test/compress/dead-code.js
silly asyncMap in gTP /tmp/npm-1353779350195/1353779350318-0.8238056332338601/contents/___package.npm/package/test/compress/loops.js
silly asyncMap in gTP /tmp/npm-1353779350195/1353779350318-0.8238056332338601/contents/___package.npm/package/test/compress/properties.js
silly asyncMap in gTP /tmp/npm-1353779350195/1353779350318-0.8238056332338601/contents/___package.npm/package/test/compress/drop-unused.js
silly asyncMap in gTP /tmp/npm-1353779350195/1353779350318-0.8238056332338601/contents/___package.npm/package/test/compress/switch.js
silly asyncMap in gTP /tmp/npm-1353779350195/1353779350318-0.8238056332338601/contents/___package.npm/package/test/compress/labels.js
silly asyncMap in gTP /tmp/npm-1353779350195/1353779350318-0.8238056332338601/contents/___package.npm/package/test/compress/issue-44.js
silly asyncMap in gTP /tmp/npm-1353779350195/1353779350318-0.8238056332338601/contents/___package.npm/package/test/compress/blocks.js
silly asyncMap in gTP /tmp/npm-1353779350195/1353779350318-0.8238056332338601/contents/___package.npm/package/test/compress/conditionals.js
silly asyncMap in gTP /tmp/npm-1353779350195/1353779350318-0.8238056332338601/contents/___package.npm/package/test/compress/issue-22.js
silly asyncMap in gTP /tmp/npm-1353779350195/1353779350318-0.8238056332338601/contents/___package.npm/package/test/compress/sequences.js
silly asyncMap in gTP /tmp/npm-1353779350195/1353779350318-0.8238056332338601/contents/___package.npm/package/test/compress/issue-12.js
silly asyncMap in gTP /tmp/npm-1353779350195/1353779350318-0.8238056332338601/contents/___package.npm/package/test/compress/debugger.js
silly chmod package 755
silly chmod bin 755
silly chmod extras 755
silly chmod lib 755
silly chmod coffee-script 755
silly chmod package 755
silly chmod bin 755
silly chmod tools 755
silly chmod lib 755
silly chmod test 755
silly chmod compress 755
verbose gunzed /tmp/npm-1353779350195/1353779350318-0.8238056332338601/contents/___package.npm/package
verbose gunzed /tmp/npm-1353779350195/1353779350196-0.48247203533537686/contents/___package.npm/package
verbose rm'ed /tmp/npm-1353779350195/1353779350318-0.8238056332338601/contents/package
verbose rm'ed /tmp/npm-1353779350195/1353779350196-0.48247203533537686/contents/package
verbose renamed [ '/tmp/npm-1353779350195/1353779350318-0.8238056332338601/contents/___package.npm/package',
verbose renamed   '/tmp/npm-1353779350195/1353779350318-0.8238056332338601/contents/package' ]
verbose renamed [ '/tmp/npm-1353779350195/1353779350196-0.48247203533537686/contents/___package.npm/package',
verbose renamed   '/tmp/npm-1353779350195/1353779350196-0.48247203533537686/contents/package' ]
silly testEngine { name: 'uglify-js',
silly testEngine   description: 'JavaScript parser, mangler/compressor and beautifier toolkit',
silly testEngine   homepage: 'http://lisperator.net/uglifyjs',
silly testEngine   main: 'tools/node.js',
silly testEngine   version: '2.2.1',
silly testEngine   engines: { node: '>=0.4.0' },
silly testEngine   maintainers: 
silly testEngine    [ { name: 'Mihai Bazon',
silly testEngine        email: 'mihai.bazon@gmail.com',
silly testEngine        url: 'http://lisperator.net/' } ],
silly testEngine   repositories: [ { type: 'git', url: 'https://github.com/mishoo/UglifyJS2.git' } ],
silly testEngine   dependencies: { 'source-map': '~0.1.7', optimist: '~0.3.5' },
silly testEngine   bin: { uglifyjs: 'bin/uglifyjs' },
silly testEngine   scripts: { test: 'node test/run-tests.js' },
silly testEngine   _id: 'uglify-js@2.2.1',
silly testEngine   devDependencies: {},
silly testEngine   _engineSupported: true,
silly testEngine   _npmVersion: '1.0.106',
silly testEngine   _nodeVersion: 'v0.6.6',
silly testEngine   _defaultsLoaded: true,
silly testEngine   path: '/tmp/npm-1353779350195/1353779350318-0.8238056332338601/contents/package' }
verbose caching /tmp/npm-1353779350195/1353779350318-0.8238056332338601/contents/package/package.json
verbose loadDefaults uglify-js@2.2.1
silly testEngine { name: 'coffee-script',
silly testEngine   description: 'Unfancy JavaScript',
silly testEngine   keywords: [ 'javascript', 'language', 'coffeescript', 'compiler' ],
silly testEngine   author: { name: 'Jeremy Ashkenas' },
silly testEngine   version: '1.4.0',
silly testEngine   licenses: 
silly testEngine    [ { type: 'MIT',
silly testEngine        url: 'https://raw.github.com/jashkenas/coffee-script/master/LICENSE' } ],
silly testEngine   engines: { node: '>=0.4.0' },
silly testEngine   directories: { lib: './lib/coffee-script' },
silly testEngine   main: './lib/coffee-script/coffee-script',
silly testEngine   bin: { coffee: './bin/coffee', cake: './bin/cake' },
silly testEngine   scripts: { test: 'node ./bin/cake test' },
silly testEngine   homepage: 'http://coffeescript.org',
silly testEngine   bugs: { name: 'https://github.com/jashkenas/coffee-script/issues' },
silly testEngine   repository: 
silly testEngine    { type: 'git',
silly testEngine      url: 'git://github.com/jashkenas/coffee-script.git' },
silly testEngine   devDependencies: { 'uglify-js': '>=1.0.0', jison: '>=0.2.0' },
silly testEngine   _id: 'coffee-script@1.4.0',
silly testEngine   dependencies: {},
silly testEngine   _engineSupported: true,
silly testEngine   _npmVersion: '1.0.106',
silly testEngine   _nodeVersion: 'v0.6.6',
silly testEngine   _defaultsLoaded: true,
silly testEngine   path: '/tmp/npm-1353779350195/1353779350196-0.48247203533537686/contents/package' }
verbose caching /tmp/npm-1353779350195/1353779350196-0.48247203533537686/contents/package/package.json
verbose loadDefaults coffee-script@1.4.0
verbose tarball contents [ 'package' ]
verbose tarball contents [ 'package' ]
verbose from cache /tmp/npm-1353779350195/1353779350196-0.48247203533537686/contents/package/package.json
verbose pack /tmp/npm-1353779350195/1353779350196-0.48247203533537686/contents/package /home/calvin/.npm/coffee-script/1.4.0/package.tgz
silly makeList /tmp/npm-1353779350195/1353779350196-0.48247203533537686/contents/package
verbose from cache /tmp/npm-1353779350195/1353779350318-0.8238056332338601/contents/package/package.json
verbose pack /tmp/npm-1353779350195/1353779350318-0.8238056332338601/contents/package /home/calvin/.npm/uglify-js/2.2.1/package.tgz
silly makeList /tmp/npm-1353779350195/1353779350318-0.8238056332338601/contents/package
verbose mkdir'ed /home/calvin/.npm/coffee-script/1.4.0
verbose tar about to write tar and gzip it.
silly tar args [ '-czvf', '-', '-T', '-' ]
silly spawning [ 'tar',
silly spawning   [ '-czvf', '-', '-T', '-' ],
silly spawning   '/tmp/npm-1353779350195/1353779350196-0.48247203533537686/contents' ]
verbose mkdir'ed /home/calvin/.npm/uglify-js/2.2.1
verbose tar about to write tar and gzip it.
silly tar args [ '-czvf', '-', '-T', '-' ]
silly spawning [ 'tar',
silly spawning   [ '-czvf', '-', '-T', '-' ],
silly spawning   '/tmp/npm-1353779350195/1353779350318-0.8238056332338601/contents' ]
verbose mkdir (expected) error ENOENT, no such file or directory '/home/calvin/.npm/uglify-js/2.2.1/___package.npm'
verbose mkdir done: /home/calvin/.npm/uglify-js/2.2.1/___package.npm 755
verbose unpack_ uid, gid [ undefined, undefined ]
verbose unpackTarget /home/calvin/.npm/uglify-js/2.2.1/package
silly gunzTarPerm modes [ '755', '644' ]
silly spawning [ 'tar',
silly spawning   [ '-zmvxpf', '/home/calvin/.npm/uglify-js/2.2.1/package.tgz' ],
silly spawning   '/home/calvin/.npm/uglify-js/2.2.1/___package.npm' ]
silly tar out package/.npmignore
silly tar out package/README.md
silly tar out package/package.json
silly tar out package/bin/uglifyjs
silly tar out package/tools/node.js
silly tar out package/lib/mozilla-ast.js
silly tar out package/lib/utils.js
silly tar out package/lib/transform.js
silly tar out package/lib/compress.js
silly tar out package/lib/parse.js
verbose mkdir (expected) error ENOENT, no such file or directory '/home/calvin/.npm/coffee-script/1.4.0/___package.npm'
verbose mkdir done: /home/calvin/.npm/coffee-script/1.4.0/___package.npm 755
silly tar out package/lib/output.js
verbose unpack_ uid, gid [ undefined, undefined ]
verbose unpackTarget /home/calvin/.npm/coffee-script/1.4.0/package
silly gunzTarPerm modes [ '755', '644' ]
silly spawning [ 'tar',
silly spawning   [ '-zmvxpf',
silly spawning     '/home/calvin/.npm/coffee-script/1.4.0/package.tgz' ],
silly spawning   '/home/calvin/.npm/coffee-script/1.4.0/___package.npm' ]
silly tar out package/lib/ast.js
silly tar out package/lib/sourcemap.js
silly tar out package/lib/scope.js
silly tar out package/test/run-tests.js
silly tar out package/test/compress/dead-code.js
silly tar out package/test/compress/loops.js
silly tar out package/test/compress/properties.js
silly tar out package/test/compress/drop-unused.js
silly tar out package/test/compress/switch.js
silly tar out package/test/compress/labels.js
silly tar out package/test/compress/issue-44.js
silly tar out package/test/compress/blocks.js
silly tar out package/test/compress/conditionals.js
silly tar out package/test/compress/issue-22.js
silly tar out package/test/compress/sequences.js
silly tar out package/test/compress/issue-12.js
silly tar out package/test/compress/debugger.js
silly tar exit 0
silly tar out package/LICENSE
silly tar out package/.npmignore
silly tar out package/CONTRIBUTING.md
silly tar out package/Rakefile
silly tar out package/CNAME
silly tar out package/package.json
silly tar out package/README
silly tar out package/bin/cake
silly tar out package/bin/coffee
silly tar out package/extras/jsl.conf
silly tar out package/lib/coffee-script/rewriter.js
silly tar out package/lib/coffee-script/nodes.js
silly asyncMap in gTP /home/calvin/.npm/uglify-js/2.2.1/___package.npm/package
silly asyncMap in gTP /home/calvin/.npm/uglify-js/2.2.1/___package.npm/package/.npmignore
silly asyncMap in gTP /home/calvin/.npm/uglify-js/2.2.1/___package.npm/package/package.json
silly asyncMap in gTP /home/calvin/.npm/uglify-js/2.2.1/___package.npm/package/README.md
silly asyncMap in gTP /home/calvin/.npm/uglify-js/2.2.1/___package.npm/package/bin
silly asyncMap in gTP /home/calvin/.npm/uglify-js/2.2.1/___package.npm/package/bin/uglifyjs
silly asyncMap in gTP /home/calvin/.npm/uglify-js/2.2.1/___package.npm/package/tools
silly asyncMap in gTP /home/calvin/.npm/uglify-js/2.2.1/___package.npm/package/tools/node.js
silly asyncMap in gTP /home/calvin/.npm/uglify-js/2.2.1/___package.npm/package/lib
silly asyncMap in gTP /home/calvin/.npm/uglify-js/2.2.1/___package.npm/package/lib/parse.js
silly asyncMap in gTP /home/calvin/.npm/uglify-js/2.2.1/___package.npm/package/lib/compress.js
silly asyncMap in gTP /home/calvin/.npm/uglify-js/2.2.1/___package.npm/package/lib/output.js
silly asyncMap in gTP /home/calvin/.npm/uglify-js/2.2.1/___package.npm/package/lib/scope.js
silly asyncMap in gTP /home/calvin/.npm/uglify-js/2.2.1/___package.npm/package/lib/transform.js
silly asyncMap in gTP /home/calvin/.npm/uglify-js/2.2.1/___package.npm/package/lib/utils.js
silly asyncMap in gTP /home/calvin/.npm/uglify-js/2.2.1/___package.npm/package/lib/mozilla-ast.js
silly asyncMap in gTP /home/calvin/.npm/uglify-js/2.2.1/___package.npm/package/lib/ast.js
silly asyncMap in gTP /home/calvin/.npm/uglify-js/2.2.1/___package.npm/package/lib/sourcemap.js
silly asyncMap in gTP /home/calvin/.npm/uglify-js/2.2.1/___package.npm/package/test
silly asyncMap in gTP /home/calvin/.npm/uglify-js/2.2.1/___package.npm/package/test/run-tests.js
silly asyncMap in gTP /home/calvin/.npm/uglify-js/2.2.1/___package.npm/package/test/compress
silly asyncMap in gTP /home/calvin/.npm/uglify-js/2.2.1/___package.npm/package/test/compress/issue-12.js
silly asyncMap in gTP /home/calvin/.npm/uglify-js/2.2.1/___package.npm/package/test/compress/labels.js
silly asyncMap in gTP /home/calvin/.npm/uglify-js/2.2.1/___package.npm/package/test/compress/conditionals.js
silly asyncMap in gTP /home/calvin/.npm/uglify-js/2.2.1/___package.npm/package/test/compress/debugger.js
silly asyncMap in gTP /home/calvin/.npm/uglify-js/2.2.1/___package.npm/package/test/compress/blocks.js
silly asyncMap in gTP /home/calvin/.npm/uglify-js/2.2.1/___package.npm/package/test/compress/drop-unused.js
silly asyncMap in gTP /home/calvin/.npm/uglify-js/2.2.1/___package.npm/package/test/compress/loops.js
silly asyncMap in gTP /home/calvin/.npm/uglify-js/2.2.1/___package.npm/package/test/compress/issue-22.js
silly asyncMap in gTP /home/calvin/.npm/uglify-js/2.2.1/___package.npm/package/test/compress/issue-44.js
silly asyncMap in gTP /home/calvin/.npm/uglify-js/2.2.1/___package.npm/package/test/compress/sequences.js
silly asyncMap in gTP /home/calvin/.npm/uglify-js/2.2.1/___package.npm/package/test/compress/dead-code.js
silly asyncMap in gTP /home/calvin/.npm/uglify-js/2.2.1/___package.npm/package/test/compress/properties.js
silly asyncMap in gTP /home/calvin/.npm/uglify-js/2.2.1/___package.npm/package/test/compress/switch.js
silly tar out package/lib/coffee-script/coffee-script.js
silly tar out package/lib/coffee-script/browser.js
silly tar out package/lib/coffee-script/repl.js
silly tar out package/lib/coffee-script/grammar.js
silly tar out package/lib/coffee-script/lexer.js
silly tar out package/lib/coffee-script/parser.js
silly chmod package 755
silly chmod bin 755
silly chmod tools 755
silly chmod lib 755
silly chmod test 755
silly chmod compress 755
verbose gunzed /home/calvin/.npm/uglify-js/2.2.1/___package.npm/package
verbose rm'ed /home/calvin/.npm/uglify-js/2.2.1/package
verbose renamed [ '/home/calvin/.npm/uglify-js/2.2.1/___package.npm/package',
verbose renamed   '/home/calvin/.npm/uglify-js/2.2.1/package' ]
silly tar out package/lib/coffee-script/helpers.js
silly tar out package/lib/coffee-script/optparse.js
silly tar out package/lib/coffee-script/command.js
silly testEngine { name: 'uglify-js',
silly testEngine   description: 'JavaScript parser, mangler/compressor and beautifier toolkit',
silly testEngine   homepage: 'http://lisperator.net/uglifyjs',
silly testEngine   main: 'tools/node.js',
silly testEngine   version: '2.2.1',
silly testEngine   engines: { node: '>=0.4.0' },
silly testEngine   maintainers: 
silly testEngine    [ { name: 'Mihai Bazon',
silly testEngine        email: 'mihai.bazon@gmail.com',
silly testEngine        url: 'http://lisperator.net/' } ],
silly testEngine   repositories: [ { type: 'git', url: 'https://github.com/mishoo/UglifyJS2.git' } ],
silly testEngine   dependencies: { 'source-map': '~0.1.7', optimist: '~0.3.5' },
silly testEngine   bin: { uglifyjs: 'bin/uglifyjs' },
silly testEngine   scripts: { test: 'node test/run-tests.js' },
silly testEngine   _id: 'uglify-js@2.2.1',
silly testEngine   devDependencies: {},
silly testEngine   _engineSupported: true,
silly testEngine   _npmVersion: '1.0.106',
silly testEngine   _nodeVersion: 'v0.6.6',
silly testEngine   _defaultsLoaded: true,
silly testEngine   dist: { shasum: '6a0ef547a1c5b94a690b1bd36b8aa3760ccfd94f' } }
verbose caching /home/calvin/.npm/uglify-js/2.2.1/package/package.json
verbose loadDefaults uglify-js@2.2.1
silly tar out package/lib/coffee-script/scope.js
silly tar out package/lib/coffee-script/cake.js
silly tar out package/lib/coffee-script/index.js
silly tar exit 0
silly updated sha bytes 40960
silly updated sha bytes 26804
info shasum 6a0ef547a1c5b94a690b1bd36b8aa3760ccfd94f
info shasum /home/calvin/.npm/uglify-js/2.2.1/package.tgz
verbose from cache /home/calvin/.npm/uglify-js/2.2.1/package/package.json
verbose chmod /home/calvin/.npm/uglify-js/2.2.1/package.tgz 644
verbose chown [ '/home/calvin/.npm/uglify-js/2.2.1/package.tgz', 1000, 1000 ]
silly asyncMap in gTP /home/calvin/.npm/coffee-script/1.4.0/___package.npm/package
silly asyncMap in gTP /home/calvin/.npm/coffee-script/1.4.0/___package.npm/package/.npmignore
silly asyncMap in gTP /home/calvin/.npm/coffee-script/1.4.0/___package.npm/package/package.json
silly asyncMap in gTP /home/calvin/.npm/coffee-script/1.4.0/___package.npm/package/LICENSE
silly asyncMap in gTP /home/calvin/.npm/coffee-script/1.4.0/___package.npm/package/README
silly asyncMap in gTP /home/calvin/.npm/coffee-script/1.4.0/___package.npm/package/CONTRIBUTING.md
silly asyncMap in gTP /home/calvin/.npm/coffee-script/1.4.0/___package.npm/package/Rakefile
silly asyncMap in gTP /home/calvin/.npm/coffee-script/1.4.0/___package.npm/package/CNAME
silly asyncMap in gTP /home/calvin/.npm/coffee-script/1.4.0/___package.npm/package/bin
silly asyncMap in gTP /home/calvin/.npm/coffee-script/1.4.0/___package.npm/package/bin/coffee
silly asyncMap in gTP /home/calvin/.npm/coffee-script/1.4.0/___package.npm/package/bin/cake
silly asyncMap in gTP /home/calvin/.npm/coffee-script/1.4.0/___package.npm/package/extras
silly asyncMap in gTP /home/calvin/.npm/coffee-script/1.4.0/___package.npm/package/extras/jsl.conf
silly asyncMap in gTP /home/calvin/.npm/coffee-script/1.4.0/___package.npm/package/lib
silly asyncMap in gTP /home/calvin/.npm/coffee-script/1.4.0/___package.npm/package/lib/coffee-script
silly asyncMap in gTP /home/calvin/.npm/coffee-script/1.4.0/___package.npm/package/lib/coffee-script/cake.js
silly asyncMap in gTP /home/calvin/.npm/coffee-script/1.4.0/___package.npm/package/lib/coffee-script/coffee-script.js
silly asyncMap in gTP /home/calvin/.npm/coffee-script/1.4.0/___package.npm/package/lib/coffee-script/helpers.js
silly asyncMap in gTP /home/calvin/.npm/coffee-script/1.4.0/___package.npm/package/lib/coffee-script/rewriter.js
silly asyncMap in gTP /home/calvin/.npm/coffee-script/1.4.0/___package.npm/package/lib/coffee-script/optparse.js
silly asyncMap in gTP /home/calvin/.npm/coffee-script/1.4.0/___package.npm/package/lib/coffee-script/grammar.js
silly asyncMap in gTP /home/calvin/.npm/coffee-script/1.4.0/___package.npm/package/lib/coffee-script/scope.js
silly asyncMap in gTP /home/calvin/.npm/coffee-script/1.4.0/___package.npm/package/lib/coffee-script/repl.js
silly asyncMap in gTP /home/calvin/.npm/coffee-script/1.4.0/___package.npm/package/lib/coffee-script/browser.js
silly asyncMap in gTP /home/calvin/.npm/coffee-script/1.4.0/___package.npm/package/lib/coffee-script/command.js
silly asyncMap in gTP /home/calvin/.npm/coffee-script/1.4.0/___package.npm/package/lib/coffee-script/index.js
silly asyncMap in gTP /home/calvin/.npm/coffee-script/1.4.0/___package.npm/package/lib/coffee-script/lexer.js
silly asyncMap in gTP /home/calvin/.npm/coffee-script/1.4.0/___package.npm/package/lib/coffee-script/nodes.js
silly asyncMap in gTP /home/calvin/.npm/coffee-script/1.4.0/___package.npm/package/lib/coffee-script/parser.js
silly chmod package 755
silly chmod bin 755
silly chmod extras 755
silly chmod lib 755
silly chmod coffee-script 755
verbose gunzed /home/calvin/.npm/coffee-script/1.4.0/___package.npm/package
verbose rm'ed /home/calvin/.npm/coffee-script/1.4.0/package
verbose renamed [ '/home/calvin/.npm/coffee-script/1.4.0/___package.npm/package',
verbose renamed   '/home/calvin/.npm/coffee-script/1.4.0/package' ]
silly testEngine { name: 'coffee-script',
silly testEngine   description: 'Unfancy JavaScript',
silly testEngine   keywords: [ 'javascript', 'language', 'coffeescript', 'compiler' ],
silly testEngine   author: { name: 'Jeremy Ashkenas' },
silly testEngine   version: '1.4.0',
silly testEngine   licenses: 
silly testEngine    [ { type: 'MIT',
silly testEngine        url: 'https://raw.github.com/jashkenas/coffee-script/master/LICENSE' } ],
silly testEngine   engines: { node: '>=0.4.0' },
silly testEngine   directories: { lib: './lib/coffee-script' },
silly testEngine   main: './lib/coffee-script/coffee-script',
silly testEngine   bin: { coffee: './bin/coffee', cake: './bin/cake' },
silly testEngine   scripts: { test: 'node ./bin/cake test' },
silly testEngine   homepage: 'http://coffeescript.org',
silly testEngine   bugs: { name: 'https://github.com/jashkenas/coffee-script/issues' },
silly testEngine   repository: 
silly testEngine    { type: 'git',
silly testEngine      url: 'git://github.com/jashkenas/coffee-script.git' },
silly testEngine   devDependencies: { 'uglify-js': '>=1.0.0', jison: '>=0.2.0' },
silly testEngine   _id: 'coffee-script@1.4.0',
silly testEngine   dependencies: {},
silly testEngine   _engineSupported: true,
silly testEngine   _npmVersion: '1.0.106',
silly testEngine   _nodeVersion: 'v0.6.6',
silly testEngine   _defaultsLoaded: true,
silly testEngine   dist: { shasum: 'f2fe8f3d21dcdbbece3f91753090914655fc73a1' } }
verbose caching /home/calvin/.npm/coffee-script/1.4.0/package/package.json
verbose loadDefaults coffee-script@1.4.0
silly updated sha bytes 40960
silly updated sha bytes 27451
info shasum f2fe8f3d21dcdbbece3f91753090914655fc73a1
info shasum /home/calvin/.npm/coffee-script/1.4.0/package.tgz
verbose from cache /home/calvin/.npm/coffee-script/1.4.0/package/package.json
verbose chmod /home/calvin/.npm/coffee-script/1.4.0/package.tgz 644
verbose chown [ '/home/calvin/.npm/coffee-script/1.4.0/package.tgz',
verbose chown   1000,
verbose chown   1000 ]
silly resolved [ { name: 'uglify-js',
silly resolved     description: 'JavaScript parser, mangler/compressor and beautifier toolkit',
silly resolved     homepage: 'http://lisperator.net/uglifyjs',
silly resolved     main: 'tools/node.js',
silly resolved     version: '2.2.1',
silly resolved     engines: { node: '>=0.4.0' },
silly resolved     maintainers: 
silly resolved      [ { name: 'Mihai Bazon',
silly resolved          email: 'mihai.bazon@gmail.com',
silly resolved          url: 'http://lisperator.net/' } ],
silly resolved     repositories: [ { type: 'git', url: 'https://github.com/mishoo/UglifyJS2.git' } ],
silly resolved     dependencies: { 'source-map': '~0.1.7', optimist: '~0.3.5' },
silly resolved     bin: { uglifyjs: 'bin/uglifyjs' },
silly resolved     scripts: { test: 'node test/run-tests.js' },
silly resolved     _id: 'uglify-js@2.2.1',
silly resolved     devDependencies: {},
silly resolved     _engineSupported: true,
silly resolved     _npmVersion: '1.0.106',
silly resolved     _nodeVersion: 'v0.6.6',
silly resolved     _defaultsLoaded: true,
silly resolved     dist: { shasum: '6a0ef547a1c5b94a690b1bd36b8aa3760ccfd94f' } },
silly resolved   { name: 'coffee-script',
silly resolved     description: 'Unfancy JavaScript',
silly resolved     keywords: [ 'javascript', 'language', 'coffeescript', 'compiler' ],
silly resolved     author: { name: 'Jeremy Ashkenas' },
silly resolved     version: '1.4.0',
silly resolved     licenses: 
silly resolved      [ { type: 'MIT',
silly resolved          url: 'https://raw.github.com/jashkenas/coffee-script/master/LICENSE' } ],
silly resolved     engines: { node: '>=0.4.0' },
silly resolved     directories: { lib: './lib/coffee-script' },
silly resolved     main: './lib/coffee-script/coffee-script',
silly resolved     bin: { coffee: './bin/coffee', cake: './bin/cake' },
silly resolved     scripts: { test: 'node ./bin/cake test' },
silly resolved     homepage: 'http://coffeescript.org',
silly resolved     bugs: { name: 'https://github.com/jashkenas/coffee-script/issues' },
silly resolved     repository: 
silly resolved      { type: 'git',
silly resolved        url: 'git://github.com/jashkenas/coffee-script.git' },
silly resolved     devDependencies: { 'uglify-js': '>=1.0.0', jison: '>=0.2.0' },
silly resolved     _id: 'coffee-script@1.4.0',
silly resolved     dependencies: {},
silly resolved     _engineSupported: true,
silly resolved     _npmVersion: '1.0.106',
silly resolved     _nodeVersion: 'v0.6.6',
silly resolved     _defaultsLoaded: true,
silly resolved     dist: { shasum: 'f2fe8f3d21dcdbbece3f91753090914655fc73a1' } } ]
info into /home/calvin/leaflet.pouch uglify-js@2.2.1
info into /home/calvin/leaflet.pouch coffee-script@1.4.0
info installOne uglify-js@2.2.1
info installOne coffee-script@1.4.0
info unbuild /home/calvin/leaflet.pouch/node_modules/uglify-js
info unbuild /home/calvin/leaflet.pouch/node_modules/coffee-script
verbose from cache /home/calvin/.npm/uglify-js/2.2.1/package/package.json
verbose from cache /home/calvin/.npm/coffee-script/1.4.0/package/package.json
verbose mkdir (expected) error ENOENT, no such file or directory '/home/calvin/leaflet.pouch/node_modules'
verbose mkdir (expected) error ENOENT, no such file or directory '/home/calvin/leaflet.pouch/node_modules'
verbose mkdir (expected) error ENOENT, no such file or directory '/home/calvin/leaflet.pouch/node_modules/___uglify-js.npm'
verbose mkdir done: /home/calvin/leaflet.pouch/node_modules/___uglify-js.npm 755
verbose mkdir (expected) error ENOENT, no such file or directory '/home/calvin/leaflet.pouch/node_modules/___coffee-script.npm'
verbose unpack_ uid, gid [ undefined, undefined ]
verbose unpackTarget /home/calvin/leaflet.pouch/node_modules/uglify-js
silly gunzTarPerm modes [ '755', '644' ]
silly spawning [ 'tar',
silly spawning   [ '-zmvxpf', '/home/calvin/.npm/uglify-js/2.2.1/package.tgz' ],
silly spawning   '/home/calvin/leaflet.pouch/node_modules/___uglify-js.npm' ]
verbose mkdir done: /home/calvin/leaflet.pouch/node_modules/___coffee-script.npm 755
verbose unpack_ uid, gid [ undefined, undefined ]
verbose unpackTarget /home/calvin/leaflet.pouch/node_modules/coffee-script
silly gunzTarPerm modes [ '755', '644' ]
silly spawning [ 'tar',
silly spawning   [ '-zmvxpf',
silly spawning     '/home/calvin/.npm/coffee-script/1.4.0/package.tgz' ],
silly spawning   '/home/calvin/leaflet.pouch/node_modules/___coffee-script.npm' ]
silly tar out package/.npmignore
silly tar out package/README.md
silly tar out package/package.json
silly tar out package/bin/uglifyjs
silly tar out package/tools/node.js
silly tar out package/lib/mozilla-ast.js
silly tar out package/lib/utils.js
silly tar out package/lib/transform.js
silly tar out package/lib/compress.js
silly tar out package/lib/parse.js
silly tar out package/LICENSE
silly tar out package/.npmignore
silly tar out package/CONTRIBUTING.md
silly tar out package/Rakefile
silly tar out package/CNAME
silly tar out package/package.json
silly tar out package/lib/output.js
silly tar out package/README
silly tar out package/bin/cake
silly tar out package/bin/coffee
silly tar out package/extras/jsl.conf
silly tar out package/lib/coffee-script/rewriter.js
silly tar out package/lib/ast.js
silly tar out package/lib/coffee-script/nodes.js
silly tar out package/lib/sourcemap.js
silly tar out package/lib/scope.js
silly tar out package/test/run-tests.js
silly tar out package/test/compress/dead-code.js
silly tar out package/test/compress/loops.js
silly tar out package/test/compress/properties.js
silly tar out package/test/compress/drop-unused.js
silly tar out package/lib/coffee-script/coffee-script.js
silly tar out package/test/compress/switch.js
silly tar out package/lib/coffee-script/browser.js
silly tar out package/lib/coffee-script/repl.js
silly tar out package/test/compress/labels.js
silly tar out package/lib/coffee-script/grammar.js
silly tar out package/test/compress/issue-44.js
silly tar out package/test/compress/blocks.js
silly tar out package/test/compress/conditionals.js
silly tar out package/test/compress/issue-22.js
silly tar out package/lib/coffee-script/lexer.js
silly tar out package/test/compress/sequences.js
silly tar out package/test/compress/issue-12.js
silly tar out package/test/compress/debugger.js
silly tar out package/lib/coffee-script/parser.js
silly tar exit 0
silly tar out package/lib/coffee-script/helpers.js
silly tar out package/lib/coffee-script/optparse.js
silly tar out package/lib/coffee-script/command.js
silly tar out package/lib/coffee-script/scope.js
silly tar out package/lib/coffee-script/cake.js
silly tar out package/lib/coffee-script/index.js
silly tar exit 0
silly asyncMap in gTP /home/calvin/leaflet.pouch/node_modules/___uglify-js.npm/package
silly asyncMap in gTP /home/calvin/leaflet.pouch/node_modules/___uglify-js.npm/package/.npmignore
silly asyncMap in gTP /home/calvin/leaflet.pouch/node_modules/___uglify-js.npm/package/package.json
silly asyncMap in gTP /home/calvin/leaflet.pouch/node_modules/___uglify-js.npm/package/README.md
silly asyncMap in gTP /home/calvin/leaflet.pouch/node_modules/___uglify-js.npm/package/bin
silly asyncMap in gTP /home/calvin/leaflet.pouch/node_modules/___uglify-js.npm/package/bin/uglifyjs
silly asyncMap in gTP /home/calvin/leaflet.pouch/node_modules/___uglify-js.npm/package/tools
silly asyncMap in gTP /home/calvin/leaflet.pouch/node_modules/___uglify-js.npm/package/tools/node.js
silly asyncMap in gTP /home/calvin/leaflet.pouch/node_modules/___uglify-js.npm/package/lib
silly asyncMap in gTP /home/calvin/leaflet.pouch/node_modules/___uglify-js.npm/package/lib/parse.js
silly asyncMap in gTP /home/calvin/leaflet.pouch/node_modules/___uglify-js.npm/package/lib/compress.js
silly asyncMap in gTP /home/calvin/leaflet.pouch/node_modules/___uglify-js.npm/package/lib/output.js
silly asyncMap in gTP /home/calvin/leaflet.pouch/node_modules/___uglify-js.npm/package/lib/scope.js
silly asyncMap in gTP /home/calvin/leaflet.pouch/node_modules/___uglify-js.npm/package/lib/transform.js
silly asyncMap in gTP /home/calvin/leaflet.pouch/node_modules/___uglify-js.npm/package/lib/utils.js
silly asyncMap in gTP /home/calvin/leaflet.pouch/node_modules/___uglify-js.npm/package/lib/mozilla-ast.js
silly asyncMap in gTP /home/calvin/leaflet.pouch/node_modules/___uglify-js.npm/package/lib/ast.js
silly asyncMap in gTP /home/calvin/leaflet.pouch/node_modules/___uglify-js.npm/package/lib/sourcemap.js
silly asyncMap in gTP /home/calvin/leaflet.pouch/node_modules/___uglify-js.npm/package/test
silly asyncMap in gTP /home/calvin/leaflet.pouch/node_modules/___uglify-js.npm/package/test/run-tests.js
silly asyncMap in gTP /home/calvin/leaflet.pouch/node_modules/___uglify-js.npm/package/test/compress
silly asyncMap in gTP /home/calvin/leaflet.pouch/node_modules/___uglify-js.npm/package/test/compress/issue-12.js
silly asyncMap in gTP /home/calvin/leaflet.pouch/node_modules/___uglify-js.npm/package/test/compress/labels.js
silly asyncMap in gTP /home/calvin/leaflet.pouch/node_modules/___uglify-js.npm/package/test/compress/conditionals.js
silly asyncMap in gTP /home/calvin/leaflet.pouch/node_modules/___uglify-js.npm/package/test/compress/debugger.js
silly asyncMap in gTP /home/calvin/leaflet.pouch/node_modules/___uglify-js.npm/package/test/compress/blocks.js
silly asyncMap in gTP /home/calvin/leaflet.pouch/node_modules/___uglify-js.npm/package/test/compress/drop-unused.js
silly asyncMap in gTP /home/calvin/leaflet.pouch/node_modules/___uglify-js.npm/package/test/compress/loops.js
silly asyncMap in gTP /home/calvin/leaflet.pouch/node_modules/___uglify-js.npm/package/test/compress/issue-22.js
silly asyncMap in gTP /home/calvin/leaflet.pouch/node_modules/___uglify-js.npm/package/test/compress/issue-44.js
silly asyncMap in gTP /home/calvin/leaflet.pouch/node_modules/___uglify-js.npm/package/test/compress/sequences.js
silly asyncMap in gTP /home/calvin/leaflet.pouch/node_modules/___uglify-js.npm/package/test/compress/dead-code.js
silly asyncMap in gTP /home/calvin/leaflet.pouch/node_modules/___uglify-js.npm/package/test/compress/properties.js
silly asyncMap in gTP /home/calvin/leaflet.pouch/node_modules/___uglify-js.npm/package/test/compress/switch.js
silly chmod package 755
silly chmod bin 755
silly chmod tools 755
silly chmod lib 755
silly chmod test 755
silly chmod compress 755
verbose gunzed /home/calvin/leaflet.pouch/node_modules/___uglify-js.npm/package
verbose rm'ed /home/calvin/leaflet.pouch/node_modules/uglify-js
verbose renamed [ '/home/calvin/leaflet.pouch/node_modules/___uglify-js.npm/package',
verbose renamed   '/home/calvin/leaflet.pouch/node_modules/uglify-js' ]
silly asyncMap in gTP /home/calvin/leaflet.pouch/node_modules/___coffee-script.npm/package
silly asyncMap in gTP /home/calvin/leaflet.pouch/node_modules/___coffee-script.npm/package/.npmignore
silly asyncMap in gTP /home/calvin/leaflet.pouch/node_modules/___coffee-script.npm/package/package.json
silly asyncMap in gTP /home/calvin/leaflet.pouch/node_modules/___coffee-script.npm/package/LICENSE
silly asyncMap in gTP /home/calvin/leaflet.pouch/node_modules/___coffee-script.npm/package/README
silly asyncMap in gTP /home/calvin/leaflet.pouch/node_modules/___coffee-script.npm/package/CONTRIBUTING.md
silly asyncMap in gTP /home/calvin/leaflet.pouch/node_modules/___coffee-script.npm/package/Rakefile
silly asyncMap in gTP /home/calvin/leaflet.pouch/node_modules/___coffee-script.npm/package/CNAME
silly asyncMap in gTP /home/calvin/leaflet.pouch/node_modules/___coffee-script.npm/package/bin
silly asyncMap in gTP /home/calvin/leaflet.pouch/node_modules/___coffee-script.npm/package/bin/coffee
silly asyncMap in gTP /home/calvin/leaflet.pouch/node_modules/___coffee-script.npm/package/bin/cake
silly asyncMap in gTP /home/calvin/leaflet.pouch/node_modules/___coffee-script.npm/package/extras
silly asyncMap in gTP /home/calvin/leaflet.pouch/node_modules/___coffee-script.npm/package/extras/jsl.conf
silly asyncMap in gTP /home/calvin/leaflet.pouch/node_modules/___coffee-script.npm/package/lib
silly asyncMap in gTP /home/calvin/leaflet.pouch/node_modules/___coffee-script.npm/package/lib/coffee-script
silly asyncMap in gTP /home/calvin/leaflet.pouch/node_modules/___coffee-script.npm/package/lib/coffee-script/cake.js
silly asyncMap in gTP /home/calvin/leaflet.pouch/node_modules/___coffee-script.npm/package/lib/coffee-script/coffee-script.js
silly asyncMap in gTP /home/calvin/leaflet.pouch/node_modules/___coffee-script.npm/package/lib/coffee-script/helpers.js
silly asyncMap in gTP /home/calvin/leaflet.pouch/node_modules/___coffee-script.npm/package/lib/coffee-script/optparse.js
silly asyncMap in gTP /home/calvin/leaflet.pouch/node_modules/___coffee-script.npm/package/lib/coffee-script/rewriter.js
silly asyncMap in gTP /home/calvin/leaflet.pouch/node_modules/___coffee-script.npm/package/lib/coffee-script/grammar.js
silly asyncMap in gTP /home/calvin/leaflet.pouch/node_modules/___coffee-script.npm/package/lib/coffee-script/scope.js
silly asyncMap in gTP /home/calvin/leaflet.pouch/node_modules/___coffee-script.npm/package/lib/coffee-script/repl.js
silly asyncMap in gTP /home/calvin/leaflet.pouch/node_modules/___coffee-script.npm/package/lib/coffee-script/browser.js
silly asyncMap in gTP /home/calvin/leaflet.pouch/node_modules/___coffee-script.npm/package/lib/coffee-script/command.js
silly asyncMap in gTP /home/calvin/leaflet.pouch/node_modules/___coffee-script.npm/package/lib/coffee-script/index.js
silly asyncMap in gTP /home/calvin/leaflet.pouch/node_modules/___coffee-script.npm/package/lib/coffee-script/lexer.js
silly asyncMap in gTP /home/calvin/leaflet.pouch/node_modules/___coffee-script.npm/package/lib/coffee-script/nodes.js
silly asyncMap in gTP /home/calvin/leaflet.pouch/node_modules/___coffee-script.npm/package/lib/coffee-script/parser.js
silly testEngine { name: 'uglify-js',
silly testEngine   description: 'JavaScript parser, mangler/compressor and beautifier toolkit',
silly testEngine   homepage: 'http://lisperator.net/uglifyjs',
silly testEngine   main: 'tools/node.js',
silly testEngine   version: '2.2.1',
silly testEngine   engines: { node: '>=0.4.0' },
silly testEngine   maintainers: 
silly testEngine    [ { name: 'Mihai Bazon',
silly testEngine        email: 'mihai.bazon@gmail.com',
silly testEngine        url: 'http://lisperator.net/' } ],
silly testEngine   repositories: [ { type: 'git', url: 'https://github.com/mishoo/UglifyJS2.git' } ],
silly testEngine   dependencies: { 'source-map': '~0.1.7', optimist: '~0.3.5' },
silly testEngine   bin: { uglifyjs: 'bin/uglifyjs' },
silly testEngine   scripts: { test: 'node test/run-tests.js' },
silly testEngine   _id: 'uglify-js@2.2.1',
silly testEngine   devDependencies: {},
silly testEngine   _engineSupported: true,
silly testEngine   _npmVersion: '1.0.106',
silly testEngine   _nodeVersion: 'v0.6.6',
silly testEngine   _defaultsLoaded: true }
verbose caching /home/calvin/leaflet.pouch/node_modules/uglify-js/package.json
verbose loadDefaults uglify-js@2.2.1
silly chmod package 755
silly chmod bin 755
silly chmod extras 755
silly chmod lib 755
silly chmod coffee-script 755
info preinstall uglify-js@2.2.1
verbose gunzed /home/calvin/leaflet.pouch/node_modules/___coffee-script.npm/package
verbose rm'ed /home/calvin/leaflet.pouch/node_modules/coffee-script
verbose from cache /home/calvin/leaflet.pouch/node_modules/uglify-js/package.json
verbose into /home/calvin/leaflet.pouch/node_modules/uglify-js [ 'source-map@~0.1.7', 'optimist@~0.3.5' ]
verbose renamed [ '/home/calvin/leaflet.pouch/node_modules/___coffee-script.npm/package',
verbose renamed   '/home/calvin/leaflet.pouch/node_modules/coffee-script' ]
verbose cache add source-map@~0.1.7
verbose cache add [ 'source-map@~0.1.7', null ]
silly cache add: name, spec, args [ undefined, 'source-map@~0.1.7', [ 'source-map@~0.1.7', null ] ]
verbose parsed url { pathname: 'source-map@~0.1.7',
verbose parsed url   path: 'source-map@~0.1.7',
verbose parsed url   href: 'source-map@~0.1.7' }
silly cache add: name, spec, args [ 'source-map', '~0.1.7', [ 'source-map', '~0.1.7' ] ]
verbose parsed url { pathname: '~0.1.7', path: '~0.1.7', href: '~0.1.7' }
info addNamed [ 'source-map', '~0.1.7' ]
verbose addNamed [ null, '>=0.1.7- <0.2.0-' ]
verbose cache add optimist@~0.3.5
verbose cache add [ 'optimist@~0.3.5', null ]
silly cache add: name, spec, args [ undefined, 'optimist@~0.3.5', [ 'optimist@~0.3.5', null ] ]
verbose parsed url { pathname: 'optimist@~0.3.5',
verbose parsed url   path: 'optimist@~0.3.5',
verbose parsed url   href: 'optimist@~0.3.5' }
silly cache add: name, spec, args [ 'optimist', '~0.3.5', [ 'optimist', '~0.3.5' ] ]
verbose parsed url { pathname: '~0.3.5', path: '~0.3.5', href: '~0.3.5' }
info addNamed [ 'optimist', '~0.3.5' ]
verbose addNamed [ null, '>=0.3.5- <0.4.0-' ]
silly testEngine { name: 'coffee-script',
silly testEngine   description: 'Unfancy JavaScript',
silly testEngine   keywords: [ 'javascript', 'language', 'coffeescript', 'compiler' ],
silly testEngine   author: { name: 'Jeremy Ashkenas' },
silly testEngine   version: '1.4.0',
silly testEngine   licenses: 
silly testEngine    [ { type: 'MIT',
silly testEngine        url: 'https://raw.github.com/jashkenas/coffee-script/master/LICENSE' } ],
silly testEngine   engines: { node: '>=0.4.0' },
silly testEngine   directories: { lib: './lib/coffee-script' },
silly testEngine   main: './lib/coffee-script/coffee-script',
silly testEngine   bin: { coffee: './bin/coffee', cake: './bin/cake' },
silly testEngine   scripts: { test: 'node ./bin/cake test' },
silly testEngine   homepage: 'http://coffeescript.org',
silly testEngine   bugs: { name: 'https://github.com/jashkenas/coffee-script/issues' },
silly testEngine   repository: 
silly testEngine    { type: 'git',
silly testEngine      url: 'git://github.com/jashkenas/coffee-script.git' },
silly testEngine   devDependencies: { 'uglify-js': '>=1.0.0', jison: '>=0.2.0' },
silly testEngine   _id: 'coffee-script@1.4.0',
silly testEngine   dependencies: {},
silly testEngine   _engineSupported: true,
silly testEngine   _npmVersion: '1.0.106',
silly testEngine   _nodeVersion: 'v0.6.6',
silly testEngine   _defaultsLoaded: true }
verbose caching /home/calvin/leaflet.pouch/node_modules/coffee-script/package.json
verbose loadDefaults coffee-script@1.4.0
verbose GET source-map
verbose raw, before any munging source-map
verbose url resolving [ 'https://registry.npmjs.org/', './source-map' ]
verbose url resolved https://registry.npmjs.org/source-map
info preinstall coffee-script@1.4.0
verbose from cache /home/calvin/leaflet.pouch/node_modules/coffee-script/package.json
verbose into /home/calvin/leaflet.pouch/node_modules/coffee-script []
silly resolved []
verbose about to build /home/calvin/leaflet.pouch/node_modules/coffee-script
info build /home/calvin/leaflet.pouch/node_modules/coffee-script
verbose from cache /home/calvin/leaflet.pouch/node_modules/coffee-script/package.json
verbose linkStuff [ false, false, false, '/home/calvin/leaflet.pouch/node_modules' ]
info linkStuff coffee-script@1.4.0
verbose linkBins coffee-script@1.4.0
verbose bins linking [ { coffee: './bin/coffee', cake: './bin/cake' },
verbose bins linking   '/home/calvin/leaflet.pouch/node_modules/.bin',
verbose bins linking   false ]
verbose linkMans coffee-script@1.4.0
verbose rebuildBundles coffee-script@1.4.0
verbose mkdir (expected) error ENOENT, no such file or directory '/home/calvin/leaflet.pouch/node_modules/.bin'
verbose mkdir done: /home/calvin/leaflet.pouch/node_modules/.bin 755
verbose GET optimist
verbose raw, before any munging optimist
verbose url resolving [ 'https://registry.npmjs.org/', './optimist' ]
verbose url resolved https://registry.npmjs.org/optimist
verbose etag "9QYDK5KA6EZ7WSYEHV35EMB19"
info install coffee-script@1.4.0
info postinstall coffee-script@1.4.0
verbose installOne cb coffee-script@1.4.0
silly get cb [ 200,
silly get cb   { vary: 'Accept',
silly get cb     server: 'CouchDB/1.2.0 (Erlang OTP/R15B)',
silly get cb     etag: '"3T2VRAGARMNNMM78O3SHRX2OV"',
silly get cb     date: 'Sat, 24 Nov 2012 17:48:42 GMT',
silly get cb     'content-type': 'application/json',
silly get cb     'content-length': '36111' } ]
silly get cb [ 200,
silly get cb   { vary: 'Accept',
silly get cb     server: 'CouchDB/1.2.0 (Erlang OTP/R15B)',
silly get cb     etag: '"12VS9KXBR39KS74BMC182PUBL"',
silly get cb     date: 'Sat, 24 Nov 2012 17:48:42 GMT',
silly get cb     'content-type': 'application/json',
silly get cb     'content-length': '76303' } ]
verbose mkdir (expected) error ENOENT, no such file or directory '/home/calvin/.npm/source-map'
verbose GET optimist/0.3.5
verbose raw, before any munging optimist/0.3.5
verbose url resolving [ 'https://registry.npmjs.org/', './optimist/0.3.5' ]
verbose url resolved https://registry.npmjs.org/optimist/0.3.5
verbose mkdir done: /home/calvin/.npm/source-map 755
verbose about to build /home/calvin/leaflet.pouch/node_modules/uglify-js
ERR! error installing uglify-js@2.2.1 Error: No compatible version found: source-map@'>=0.1.7- <0.2.0-'
ERR! error installing uglify-js@2.2.1 Valid install targets:
ERR! error installing uglify-js@2.2.1 ["0.0.0","0.1.0","0.1.1","0.1.2","0.1.3"]
ERR! error installing uglify-js@2.2.1     at installTargetsError (/usr/local/lib/node_modules/npm/lib/cache.js:424:10)
ERR! error installing uglify-js@2.2.1     at /usr/local/lib/node_modules/npm/lib/cache.js:406:17
ERR! error installing uglify-js@2.2.1     at saved (/usr/local/lib/node_modules/npm/lib/utils/npm-registry-client/get.js:136:7)
ERR! error installing uglify-js@2.2.1     at Object.cb [as oncomplete] (/usr/local/lib/node_modules/npm/node_modules/graceful-fs/graceful-fs.js:36:9)
info unbuild /home/calvin/leaflet.pouch/node_modules/uglify-js
verbose from cache /home/calvin/leaflet.pouch/node_modules/uglify-js/package.json
info preuninstall uglify-js@2.2.1
info uninstall uglify-js@2.2.1
verbose unbuild uglify-js@2.2.1 [ true,
verbose unbuild uglify-js@2.2.1   '/home/calvin/leaflet.pouch/node_modules',
verbose unbuild uglify-js@2.2.1   '/home/calvin/leaflet.pouch/node_modules' ]
verbose binRoot [ '/home/calvin/leaflet.pouch/node_modules/.bin',
verbose binRoot   { uglifyjs: 'bin/uglifyjs' } ]
info postuninstall uglify-js@2.2.1
verbose installOne cb uglify-js@2.2.1
ERR! Error: No compatible version found: source-map@'>=0.1.7- <0.2.0-'
ERR! Valid install targets:
ERR! ["0.0.0","0.1.0","0.1.1","0.1.2","0.1.3"]
ERR!     at installTargetsError (/usr/local/lib/node_modules/npm/lib/cache.js:424:10)
ERR!     at /usr/local/lib/node_modules/npm/lib/cache.js:406:17
ERR!     at saved (/usr/local/lib/node_modules/npm/lib/utils/npm-registry-client/get.js:136:7)
ERR!     at Object.cb [as oncomplete] (/usr/local/lib/node_modules/npm/node_modules/graceful-fs/graceful-fs.js:36:9)
ERR! Report this *entire* log at:
ERR!     <http://github.com/isaacs/npm/issues>
ERR! or email it to:
ERR!     <npm-@googlegroups.com>
ERR! 
ERR! System Linux 3.5.0-18-generic
ERR! command "node" "/usr/local/bin/npm" "install"
ERR! cwd /home/calvin/leaflet.pouch
ERR! node -v v0.6.6
ERR! npm -v 1.0.106
verbose exit [ 1, true ]
